POST /category/create 201 162 - 16.667 ms
POST /category/create 201 162 - 11.848 ms
POST /category/create 201 162 - 2.870 ms
GET /category/getcategory 200 303 - 17.882 ms
DELETE /category/delete/6591083430a30a976034471f 200 61 - 4.012 ms
GET /category/getcategory 200 213 - 2.593 ms
DELETE /category/delete/6591083430a30a976034471f 404 64 - 9.489 ms
DELETE /category/delete/6591083430a30a976034471 400 37 - 0.840 ms
DELETE /category/delete/6591083430a30a976034471 400 160 - 13.553 ms
POST /category/create 201 162 - 25.741 ms
GET /category/getcategory/65910cbda1428728f04733fc 200 117 - 8.452 ms
PUT /category/update/65910cbda1428728f04733fc 201 167 - 16.404 ms
GET /category/getcategory/65910cbda1428728f04733fc 200 122 - 2.098 ms
PUT /category/update/65910cbda1428728f04733fc 201 172 - 14.826 ms
GET /category/getcategory/65910cbda1428728f04733fc 200 127 - 5.473 ms
GET /category/getcategory/65910cbda1428728f04733fc 200 127 - 2.486 ms
GET /category/getcategory 200 313 - 13.996 ms
POST /product/create 200 424 - 22.521 ms
GET /product/getproducts 200 389 - 3.112 ms
POST /product/create 400 176 - 2.760 ms
GET /product/getproducts 200 389 - 2.387 ms
GET /product/getproduct/658d1cf0e93ddd982181d34c 200 31 - 2.279 ms
GET /category/getcategory 200 313 - 3.347 ms
POST /product/create 200 409 - 6.450 ms
GET /product/getproducts 200 731 - 3.049 ms
GET /product/getproducts 200 731 - 2.671 ms
GET /product/getproduct/6591110b9fe26de60c663df4 500 63 - 2.421 ms
GET /product/getproduct/6591110b9fe26de60c663df4 500 63 - 2.820 ms
GET /product/getproducts 200 731 - 15.438 ms
GET /product/getproduct/6591110b9fe26de60c663df4 500 63 - 4.655 ms
GET /product/getproduct/659112f29fe26de60c663dfc 500 63 - 2.791 ms
GET /category/getcategory 200 313 - 2.636 ms
GET /product/getproducts 200 731 - 3.338 ms
GET /product/getproduct/659112f29fe26de60c663dfc 500 63 - 2.304 ms
GET /product/getproduct/659112f29fe26de60c663dfc 500 63 - 22.101 ms
GET /product/getproduct/659112f29fe26de60c663dfc 200 368 - 20.010 ms
GET /product/getshortproductdetails 404 169 - 3.494 ms
GET /product/getshortdetails 200 125 - 21.219 ms
GET /product/getshortdetails 200 163 - 14.711 ms
GET /product/getproducts 200 857 - 47.556 ms
GET /category/getcategory 200 313 - 3.430 ms
POST /product/create 200 411 - 15.212 ms
GET /product/getproducts 200 1274 - 7.070 ms
GET /product/getproduct/659112f29fe26de60c663dfc 200 431 - 32.853 ms
PUT /product/update/6591110b9fe26de60c663df4 201 431 - 23.554 ms
PUT /product/update/6591110b9fe26de60c663df4 201 431 - 9.574 ms
GET /product/getproducts 200 1287 - 35.082 ms
DELETE /product/delete/659112f29fe26de60c663dfc 200 60 - 4.468 ms
GET /product/getproducts 200 882 - 5.494 ms
PUT /product/update/6591110b9fe26de60c66f4 400 180 - 17.586 ms
PUT /product/update/6591110b9fe26de60c66 400 178 - 3.251 ms
PUT /product/update/6591110b9fe26de60c66 400 57 - 17.987 ms
PUT /product/update/6591110b9fe26de60c66 400 178 - 17.987 ms
GET /product/get/count 404 156 - 2.828 ms
GET /product/get/count 400 125 - 7.951 ms
GET /product/get/count 200 33 - 34.879 ms
GET /product/get/count 200 33 - 10.981 ms
GET /product/getproducts 200 882 - 22.050 ms
POST /product/create 200 411 - 16.477 ms
GET /product/get/count 200 33 - 11.126 ms
GET /product/getproducts 200 1299 - 24.697 ms
GET /product/getproducts 200 1300 - 7.577 ms
GET /product/get/featured 200 739 - 9.275 ms
GET /product/get/featured 200 380 - 15.189 ms
GET /product/get/featured 200 739 - 15.828 ms
GET /product/get/featured/3 200 739 - 24.477 ms
GET /product/get/featured/2 200 739 - 4.175 ms
GET /product/get/featured/1 200 395 - 2.623 ms
GET /product/get/featured/1 200 395 - 18.169 ms
GET /product/get/featured/1 200 395 - 3.825 ms
GET /product/get/featured/1 200 395 - 2.934 ms
GET /product/get/featured/1 200 395 - 3.618 ms
GET /product/get/featured/1 200 395 - 3.045 ms
GET /product/get/featured/1 200 395 - 2.447 ms
GET /product/get/featured/2 200 739 - 3.623 ms
GET /product/getproducts 200 1300 - 51.135 ms
GET /category/getcategory 200 313 - 5.613 ms
GET /product/getproducts?categories=659107bf30a30a976034471b 200 33 - 5.385 ms
GET /product/getproducts?categories=659107bf30a30a976034471b 200 33 - 2.964 ms
GET /product/getproducts?categories=65910cbda1428728f04733fc 200 1300 - 7.673 ms
GET /product/getproducts?categories=65910cbda1428728f04733fc,659107d530a30a976034471d 200 1300 - 20.153 ms
GET /product/getproducts?categories=65910cbda1428728f04733fc 200 1300 - 9.982 ms
GET /product/getproducts?categories=65910cbda1428728f04733fc,659107bf30a30a976034471b 200 1300 - 7.101 ms
GET /product/getproducts?categories=65910cbda1428728f04733fc,659107bf30a30a976034471b 400 81 - 52.459 ms
GET /product/getproducts 400 81 - 55.254 ms
GET /product/getproducts 200 1396 - 53.721 ms
GET /user/create 404 150 - 5.727 ms
POST /user/create 400 87 - 60.067 ms
POST /user/create 200 56 - 26.525 ms
POST /user/create 200 56 - 8.506 ms
POST /user/create 200 56 - 4.537 ms
POST /user/create 200 56 - 6.611 ms
POST /user/create 200 387 - 30.626 ms
GET /user/getusers 200 681 - 8.077 ms
POST /user/create 200 390 - 22.154 ms
POST /user/create 200 56 - 3.690 ms
GET /user/getusers 200 1010 - 4.912 ms
POST /user/create 400 138 - 85.761 ms
POST /user/create 400 138 - 86.883 ms
POST /user/create 400 138 - 87.554 ms
POST /user/create 400 138 - 91.418 ms
POST /user/create 400 138 - 86.529 ms
POST /user/create 400 178 - 88.138 ms
POST /user/create 400 138 - 85.989 ms
POST /user/create 400 138 - 87.148 ms
POST /user/create 400 138 - 72.218 ms
POST /user/create 400 138 - 71.101 ms
POST /user/create 400 138 - 96.071 ms
POST /user/create 400 138 - 91.003 ms
POST /user/create 400 138 - 74.587 ms
POST /user/create 400 138 - 99.877 ms
POST /user/create 400 138 - 89.738 ms
POST /user/create 400 138 - 72.250 ms
POST /user/create 400 138 - 94.583 ms
POST /user/create 400 124 - 90.946 ms
POST /user/create 400 138 - 91.921 ms
POST /user/create 201 488 - 100.722 ms
POST /user/create 200 56 - 17.975 ms
POST /user/create 400 138 - 81.563 ms
POST /user/create 400 178 - 93.715 ms
POST /user/create 400 138 - 90.640 ms
POST /user/create 201 458 - 109.689 ms
POST /user/create 400 84 - 13.927 ms
POST /user/create 201 444 - 115.850 ms
POST /user/create 200 56 - 5.879 ms
POST /user/create 200 56 - 4.473 ms
POST /user/create 400 72 - 4.003 ms
POST /user/create 201 448 - 80.984 ms
GET /user/getusers 400 53 - 3.805 ms
GET /user/getusers 400 53 - 0.747 ms
GET /user/getusers 200 644 - 15.390 ms
GET /user/getusers 200 644 - 14.986 ms
GET /user/getuser/659431f5acde280c580391aa 200 332 - 4.922 ms
GET /user/getuser/659431f5acde280c580391aa 200 332 - 3.419 ms
GET /user/getusers 200 241 - 28.411 ms
GET /user/getusers 200 644 - 16.143 ms
POST /user/login 200 46 - 29.070 ms
POST /user/login 200 46 - 17.418 ms
POST /user/login 200 46 - 14.276 ms
POST /user/login 200 41 - 12.743 ms
POST /user/login 200 41 - 5.002 ms
POST /user/login 200 41 - 2.797 ms
POST /user/login 200 41 - 2.849 ms
POST /user/login 200 41 - 4.236 ms
POST /user/login 200 41 - 2.244 ms
POST /user/login 200 41 - 2.678 ms
POST /user/login 200 41 - 2.166 ms
POST /user/login 200 41 - 2.814 ms
POST /user/login 200 431 - 13.618 ms
POST /user/login 200 60 - 3.106 ms
POST /user/login 200 60 - 9.580 ms
POST /user/login 200 60 - 11.410 ms
POST /user/login 200 60 - 9.322 ms
POST /user/login 200 60 - 16.250 ms
POST /user/login 404 60 - 10.038 ms
POST /user/login 404 60 - 2.822 ms
POST /user/login 404 60 - 2.741 ms
POST /user/login 404 60 - 4.197 ms
POST /user/login 404 60 - 2.208 ms
POST /user/login 404 60 - 3.298 ms
POST /user/login 404 60 - 2.038 ms
POST /user/login 404 60 - 2.159 ms
POST /user/login 404 60 - 2.048 ms
POST /user/login 404 60 - 1.829 ms
POST /user/login 404 60 - 1.991 ms
POST /user/login 404 60 - 2.264 ms
POST /user/login 404 60 - 2.229 ms
POST /user/login 404 60 - 2.692 ms
POST /user/login 404 60 - 1.751 ms
POST /user/login 404 60 - 9.812 ms
POST /user/login 404 60 - 3.221 ms
POST /user/login 404 60 - 2.756 ms
POST /user/login 404 60 - 2.299 ms
POST /user/login 404 60 - 1.950 ms
POST /user/login 404 60 - 2.367 ms
POST /user/login 404 60 - 9.386 ms
POST /user/login 404 60 - 3.010 ms
POST /user/login 200 32 - 5.673 ms
POST /user/login 200 32 - 114.172 ms
POST /user/login 200 32 - 3.312 ms
POST /user/login 200 32 - 2.795 ms
POST /user/login 200 32 - 2.316 ms
POST /user/login 200 32 - 3.411 ms
POST /user/login 200 32 - 4.928 ms
POST /user/login 404 49 - 79.374 ms
POST /user/login 400 62 - 3.776 ms
POST /user/login 400 62 - 3.085 ms
POST /user/login 400 35 - 24.989 ms
POST /user/login 200 32 - 12.361 ms
POST /user/login 400 53 - 12.044 ms
POST /user/login 400 53 - 3.379 ms
POST /user/login 400 62 - 13.569 ms
POST /user/login 404 52 - 82.044 ms
POST /user/login 400 49 - 71.525 ms
POST /user/login 400 49 - 74.018 ms
POST /user/login 400 49 - 69.443 ms
POST /user/login 200 406 - 83.328 ms
POST /user/login 404 52 - 72.085 ms
POST /user/login 400 62 - 2.866 ms
POST /user/login 400 62 - 13.349 ms
POST /user/login 400 62 - 4.545 ms
POST /user/login 400 62 - 2.303 ms
POST /user/login 400 62 - 2.535 ms
POST /user/login 400 62 - 13.382 ms
POST /user/login 400 62 - 3.545 ms
POST /user/login 400 62 - 4.125 ms
POST /user/login 400 62 - 2.257 ms
POST /user/login 400 62 - 4.495 ms
POST /user/login 400 62 - 12.554 ms
POST /user/login 400 96 - 12.237 ms
POST /user/login 200 406 - 73.323 ms
POST /user/login 200 593 - 119.787 ms
POST /user/login 200 593 - 88.024 ms
POST /user/login 200 593 - 84.357 ms
POST /user/login 200 593 - 73.848 ms
POST /user/login 200 593 - 74.099 ms
POST /user/login 200 593 - 74.032 ms
POST /user/login 200 593 - 73.850 ms
POST /user/login 200 593 - 72.818 ms
POST /user/login 200 593 - 70.467 ms
GET /product/getproducts 200 1396 - 36.290 ms
POST /user/login 200 593 - 86.995 ms
GET /product/getproducts 200 1396 - 25.316 ms
GET /product/getproducts 200 1396 - 23.721 ms
GET /product/getproducts 200 1396 - 6.059 ms
POST /user/login 200 593 - 84.577 ms
GET /product/getproducts 200 1396 - 25.875 ms
GET /product/getproducts 200 1396 - 29.960 ms
GET /products/get/featured/2 200 803 - 19.688 ms
GET /products/get/featured/1 200 427 - 4.289 ms
GET /products/get/featured/0 200 803 - 4.393 ms
GET /products/get/featured/0 200 803 - 2.786 ms
GET /products/get/featured/0 200 803 - 3.533 ms
GET /products/get/featured/1 200 427 - 2.635 ms
GET /products/get/featured/1 200 427 - 15.041 ms
POST /users/login 200 593 - 93.600 ms
